<?xml version="1.0" encoding="utf-8"?>
<TestRun id="d92a964c-e626-4d5a-b721-e3bb0decb02c" name="@neo 2026-03-21 07:55:27" xmlns="http://microsoft.com/schemas/VisualStudio/TeamTest/2010">
  <Times creation="2026-03-21T07:55:27.2964402+08:00" queuing="2026-03-21T07:55:27.2964402+08:00" start="2026-03-21T07:55:26.9655227+08:00" finish="2026-03-21T07:55:27.2995225+08:00" />
  <TestSettings name="default" id="e82210e1-b8c3-44fc-b652-628c8046a94e">
    <Deployment runDeploymentRoot="_neo_2026-03-21_07_55_27" />
  </TestSettings>
  <Results>
    <UnitTestResult executionId="c6f21e28-a4bc-4cc0-bacf-232a2ffb358c" testId="14fd2dfe-4bee-8109-932c-0f4ac3bbfe69" testName="TestDirectSmoke" computerName="neo" duration="00:00:00.0097132" startTime="2026-03-21T07:55:27.2027662+08:00" endTime="2026-03-21T07:55:27.2216690+08:00" testType="13cdc9d9-ddb5-4fa4-a97d-d965ccfc6d4b" outcome="NotExecuted" testListId="8c84fa94-04c1-424b-9868-57a2d4851a1d" relativeResultsDirectory="c6f21e28-a4bc-4cc0-bacf-232a2ffb358c">
      <Output>
        <ErrorInfo>
          <Message>Assert.Inconclusive failed. NEO_RISCV_HOST_LIB is not set.</Message>
          <StackTrace>   at Microsoft.VisualStudio.TestTools.UnitTesting.Assert.Inconclusive(String message) in /_/src/TestFramework/TestFramework/Assertions/Assert.Inconclusive.cs:line 27
   at Neo.Test.RiscvVmRunner.CreateFromEnvironment() in /home/neo/git/neo-riscv-vm/compat/Neo.VM.Riscv.Tests/RiscvVmRunner.cs:line 114
   at Neo.Test.UT_RiscvVmJson.TestDirectSmoke() in /home/neo/git/neo-riscv-vm/compat/Neo.VM.Riscv.Tests/UT_RiscvVmJson.cs:line 20
   at System.Reflection.MethodBaseInvoker.InterpretedInvoke_Method(Object obj, IntPtr* args)
   at System.Reflection.MethodBaseInvoker.InvokeWithNoArgs(Object obj, BindingFlags invokeAttr)</StackTrace>
        </ErrorInfo>
      </Output>
    </UnitTestResult>
    <UnitTestResult executionId="4e3a8124-7c90-4714-9da5-59e1e30be08a" testId="13c8b32d-59f9-805c-a45b-2fdec6cc5888" testName="TestCopiedNeoVmJsonFinalStates" computerName="neo" duration="00:00:00.0097306" startTime="2026-03-21T07:55:27.2027544+08:00" endTime="2026-03-21T07:55:27.2216485+08:00" testType="13cdc9d9-ddb5-4fa4-a97d-d965ccfc6d4b" outcome="NotExecuted" testListId="8c84fa94-04c1-424b-9868-57a2d4851a1d" relativeResultsDirectory="4e3a8124-7c90-4714-9da5-59e1e30be08a">
      <Output>
        <ErrorInfo>
          <Message>Assert.Inconclusive failed. NEO_RISCV_HOST_LIB is not set.</Message>
          <StackTrace>   at Microsoft.VisualStudio.TestTools.UnitTesting.Assert.Inconclusive(String message) in /_/src/TestFramework/TestFramework/Assertions/Assert.Inconclusive.cs:line 27
   at Neo.Test.RiscvVmRunner.CreateFromEnvironment() in /home/neo/git/neo-riscv-vm/compat/Neo.VM.Riscv.Tests/RiscvVmRunner.cs:line 114
   at Neo.Test.UT_RiscvVmJson.TestCopiedNeoVmJsonFinalStates() in /home/neo/git/neo-riscv-vm/compat/Neo.VM.Riscv.Tests/UT_RiscvVmJson.cs:line 35
   at System.Reflection.MethodBaseInvoker.InterpretedInvoke_Method(Object obj, IntPtr* args)
   at System.Reflection.MethodBaseInvoker.InvokeWithNoArgs(Object obj, BindingFlags invokeAttr)</StackTrace>
        </ErrorInfo>
      </Output>
    </UnitTestResult>
  </Results>
  <TestDefinitions>
    <UnitTest name="TestCopiedNeoVmJsonFinalStates" storage="/home/neo/git/neo-riscv-vm/compat/neo.vm.riscv.tests/bin/release/net10.0/neo.vm.riscv.tests.dll" id="13c8b32d-59f9-805c-a45b-2fdec6cc5888">
      <Execution id="4e3a8124-7c90-4714-9da5-59e1e30be08a" />
      <TestMethod codeBase="/home/neo/git/neo-riscv-vm/compat/Neo.VM.Riscv.Tests/bin/Release/net10.0/Neo.VM.Riscv.Tests.dll" adapterTypeName="executor://mstestadapter/v4" className="Neo.Test.UT_RiscvVmJson" name="TestCopiedNeoVmJsonFinalStates" />
    </UnitTest>
    <UnitTest name="TestDirectSmoke" storage="/home/neo/git/neo-riscv-vm/compat/neo.vm.riscv.tests/bin/release/net10.0/neo.vm.riscv.tests.dll" id="14fd2dfe-4bee-8109-932c-0f4ac3bbfe69">
      <Execution id="c6f21e28-a4bc-4cc0-bacf-232a2ffb358c" />
      <TestMethod codeBase="/home/neo/git/neo-riscv-vm/compat/Neo.VM.Riscv.Tests/bin/Release/net10.0/Neo.VM.Riscv.Tests.dll" adapterTypeName="executor://mstestadapter/v4" className="Neo.Test.UT_RiscvVmJson" name="TestDirectSmoke" />
    </UnitTest>
  </TestDefinitions>
  <TestEntries>
    <TestEntry testId="14fd2dfe-4bee-8109-932c-0f4ac3bbfe69" executionId="c6f21e28-a4bc-4cc0-bacf-232a2ffb358c" testListId="8c84fa94-04c1-424b-9868-57a2d4851a1d" />
    <TestEntry testId="13c8b32d-59f9-805c-a45b-2fdec6cc5888" executionId="4e3a8124-7c90-4714-9da5-59e1e30be08a" testListId="8c84fa94-04c1-424b-9868-57a2d4851a1d" />
  </TestEntries>
  <TestLists>
    <TestList name="Results Not in a List" id="8c84fa94-04c1-424b-9868-57a2d4851a1d" />
    <TestList name="All Loaded Results" id="19431567-8539-422a-85d7-44ee4e166bda" />
  </TestLists>
  <ResultSummary outcome="Completed">
    <Counters total="2" executed="0" passed="0" failed="0" error="0" timeout="0" aborted="0" inconclusive="0" passedButRunAborted="0" notRunnable="0" notExecuted="0" disconnected="0" warning="0" completed="0" inProgress="0" pending="0" />
    <Output>
      <StdOut>Test Parallelization enabled for /home/neo/git/neo-riscv-vm/compat/Neo.VM.Riscv.Tests/bin/Release/net10.0/Neo.VM.Riscv.Tests.dll (Workers: 8, Scope: MethodLevel)
Test 'TestDirectSmoke' was skipped in the test run.
Test 'TestCopiedNeoVmJsonFinalStates' was skipped in the test run.
</StdOut>
    </Output>
  </ResultSummary>
</TestRun>